<?xml version="1.0" encoding="UTF-8"?>
<!-- Generated by org.testng.reporters.JUnitXMLReporter -->
<testsuite ignored="0" hostname="DESKTOP-55S6J70" failures="2" tests="6" name="Group 10" time="35.095" errors="0" timestamp="2024-03-14T21:21:20 ICT">
  <testcase classname="tests.verifier.VerifierTest" name="testHardAssertion" time="0.299">
    <failure type="java.lang.AssertionError" message="Displayed username is different expected [Ti] but found [Teo]">
      <![CDATA[java.lang.AssertionError: Displayed username is different expected [Ti] but found [Teo]
at tests.verifier.VerifierTest.testHardAssertion(VerifierTest.java:13)
at java.base/java.util.ArrayList.forEach(ArrayList.java:1541)
at java.base/java.util.concurrent.FutureTask.run(FutureTask.java:264)
at java.base/java.util.concurrent.ThreadPoolExecutor.runWorker(ThreadPoolExecutor.java:1128)
at java.base/java.util.concurrent.ThreadPoolExecutor$Worker.run(ThreadPoolExecutor.java:628)
at java.base/java.lang.Thread.run(Thread.java:834)
... Removed 22 stack frames]]>
    </failure>
  </testcase> <!-- testHardAssertion -->
  <testcase classname="tests.verifier.VerifierTest" name="testSoftAssertion" time="0.093">
    <failure type="java.lang.AssertionError" message="The following asserts failed:
	expected [2] but found [1],
	expected [false] but found [true],
	I want to">
      <![CDATA[java.lang.AssertionError: The following asserts failed:
expected [2] but found [1],
expected [false] but found [true],
I want to
at tests.verifier.VerifierTest.testSoftAssertion(VerifierTest.java:29)
at java.base/java.util.ArrayList.forEach(ArrayList.java:1541)
at java.base/java.util.concurrent.FutureTask.run(FutureTask.java:264)
at java.base/java.util.concurrent.ThreadPoolExecutor.runWorker(ThreadPoolExecutor.java:1128)
at java.base/java.util.concurrent.ThreadPoolExecutor$Worker.run(ThreadPoolExecutor.java:628)
at java.base/java.lang.Thread.run(Thread.java:834)
... Removed 19 stack frames]]>
    </failure>
  </testcase> <!-- testSoftAssertion -->
  <testcase classname="tests.testng.TestNGHooks" name="test1" time="0.005"/>
  <testcase classname="tests.testng.TestNGHooks" name="test2" time="0.005"/>
  <testcase classname="tests.testng.TestOrder" name="test1" time="0.002"/>
  <testcase classname="tests.testng.TestOrder" name="test2" time="0.002"/>
</testsuite> <!-- Group 10 -->
